{"level":"error","message":"error"}
{"level":"error","message":"Oops an error occurred during register: "}
{"level":"info","message":"Oops an error occurred during register: "}
{"level":"error","message":" OOps ! error during register: Error"}
{"level":"error","message":" OOps ! error during register: Error"}
{"level":"info","message":"User regestration success...."}
{"level":"info","message":"Get restaurants...."}
{"level":"info","message":"Get restaurants...."}
{"level":"info","message":"Get restaurants...."}
{"level":"info","message":"Get restaurants...."}
{"level":"info","message":"Get restaurants...."}
{"level":"info","message":"Get restaurants...."}
{"level":"info","message":"Get restaurants...."}
{"level":"info","message":"Get restaurants...."}
{"level":"info","message":"Get restaurants...."}
{"level":"info","message":"Get restaurants...."}
{"level":"info","message":"Get restaurants...."}
{"level":"info","message":"Get restaurants...."}
{"level":"info","message":"Get restaurants...."}
{"level":"info","message":"Get restaurants...."}
{"level":"info","message":"Get restaurants...."}
{"level":"info","message":"Get restaurants...."}
{"level":"info","message":"Get restaurants...."}
{"level":"info","message":"Get restaurants...."}
